PruebaToolBar_Alert (2)/PruebaToolBar_Alert/app/build/intermediates/manifest_merge_blame_file/debug/manifest-merger-blame-debug-report.txt
1<?xml version="1.0" encoding="utf-8"?>
2<manifest xmlns:android="http://schemas.android.com/apk/res/android"
3    package="com.example.pruebatoolbar_1"
4    android:versionCode="1"
5    android:versionName="1.0" >
6
7    <uses-sdk
8        android:minSdkVersion="22"
8-->src\main\AndroidManifest.xml
9        android:targetSdkVersion="29" />
9-->src\main\AndroidManifest.xml
10
11    <application
11-->src\main\AndroidManifest.xml:5:5-20:19
12        android:allowBackup="true"
12-->src\main\AndroidManifest.xml:6:9-35
13        android:appComponentFactory="androidx.core.app.CoreComponentFactory"
13-->[androidx.core:core:1.5.0] AndroidManifest.xml:24:18-86
14        android:debuggable="true"
15        android:icon="@mipmap/ic_launcher"
15-->src\main\AndroidManifest.xml:7:9-43
16        android:label="@string/app_name"
16-->src\main\AndroidManifest.xml:8:9-41
17        android:roundIcon="@mipmap/ic_launcher_round"
17-->src\main\AndroidManifest.xml:9:9-54
18        android:supportsRtl="true"
18-->src\main\AndroidManifest.xml:10:9-35
19        android:testOnly="true"
20        android:theme="@style/Theme.AppCompat.Light.NoActionBar" >
20-->src\main\AndroidManifest.xml:11:9-65
21        <activity android:name="com.example.pruebatoolbar_1.ui.FormularioAddProfesor" />
21-->src\main\AndroidManifest.xml:13:9-71
21-->src\main\AndroidManifest.xml:13:19-59
22        <activity android:name="com.example.pruebatoolbar_1.ui.MainActivity" >
22-->src\main\AndroidManifest.xml:14:9-19:20
22-->src\main\AndroidManifest.xml:14:19-50
23            <intent-filter>
23-->src\main\AndroidManifest.xml:15:13-18:29
24                <action android:name="android.intent.action.MAIN" />
24-->src\main\AndroidManifest.xml:16:17-69
24-->src\main\AndroidManifest.xml:16:25-66
25
26                <category android:name="android.intent.category.LAUNCHER" />
26-->src\main\AndroidManifest.xml:17:17-77
26-->src\main\AndroidManifest.xml:17:27-74
27            </intent-filter>
28        </activity>
29
30        <service
30-->[androidx.room:room-runtime:2.2.5] AndroidManifest.xml:25:9-28:40
31            android:name="androidx.room.MultiInstanceInvalidationService"
31-->[androidx.room:room-runtime:2.2.5] AndroidManifest.xml:26:13-74
32            android:directBootAware="true"
32-->[androidx.room:room-runtime:2.2.5] AndroidManifest.xml:27:13-43
33            android:exported="false" />
33-->[androidx.room:room-runtime:2.2.5] AndroidManifest.xml:28:13-37
34    </application>
35
36</manifest>